{"name": "test_update_pet", "status": "failed", "statusDetails": {"message": "AssertionError: assert 404 == 200\n +  where 404 = <Response [404]>.status_code", "trace": "def test_update_pet():\n        path = \"v2/pet/1989\"\n        data = {\n            'petId': 1989,\n            'name': \"onix\"\n        }\n        response = requests.post(url=baseUrl + path, data=data)\n        logging.info(f'Update method is called')\n        logging.info(f'Response: {response.text}')\n>       assert response.status_code == 200\nE       assert 404 == 200\nE        +  where 404 = <Response [404]>.status_code\n\ntests\\test_pets.py:42: AssertionError"}, "attachments": [{"name": "log", "source": "e6cbdeea-434a-40f5-b98c-0e09e394f380-attachment.txt", "type": "text/plain"}], "start": 1658400321272, "stop": 1658400321847, "uuid": "2ee5d3e2-ee7c-4647-b908-43d4047955d6", "historyId": "2a6d6a411578d64bdf79c6896b0bc6dd", "testCaseId": "d5c39ca8753e77259887130df5400de4", "fullName": "tests.test_pets#test_update_pet", "labels": [{"name": "parentSuite", "value": "tests"}, {"name": "suite", "value": "test_pets"}, {"name": "host", "value": "A00639991A"}, {"name": "thread", "value": "31176-MainThread"}, {"name": "framework", "value": "pytest"}, {"name": "language", "value": "cpython3"}, {"name": "package", "value": "tests.test_pets"}]}