{"name": "test_get_pet", "status": "failed", "statusDetails": {"message": "AssertionError: assert 404 == 200\n +  where 404 = <Response [404]>.status_code", "trace": "def test_get_pet():\n        path = \"v2/pet/1989\"\n        response = requests.get(url=baseUrl + path)\n        response_json = json.loads(response.text)\n        logging.info(f'Get method is called')\n        logging.info(f'Response: {response.text}')\n>       assert response.status_code == 200\nE       assert 404 == 200\nE        +  where 404 = <Response [404]>.status_code\n\ntests\\test_pets.py:28: AssertionError"}, "attachments": [{"name": "log", "source": "038930b9-def3-4558-8663-0dfb488a85bc-attachment.txt", "type": "text/plain"}], "start": 1658400292751, "stop": 1658400293336, "uuid": "2f6dc4c1-25a7-47e6-b510-5065cb6c2964", "historyId": "46d9161bf09a7314e1831203588114c3", "testCaseId": "b9ece5fee8ff47f96a501991df73077f", "fullName": "tests.test_pets#test_get_pet", "labels": [{"name": "parentSuite", "value": "tests"}, {"name": "suite", "value": "test_pets"}, {"name": "host", "value": "A00639991A"}, {"name": "thread", "value": "26088-MainThread"}, {"name": "framework", "value": "pytest"}, {"name": "language", "value": "cpython3"}, {"name": "package", "value": "tests.test_pets"}]}